0 info it worked if it ends with ok
1 verbose cli [ '/Users/Mark/.nvm/versions/node/v7.6.0/bin/node',
1 verbose cli   '/Users/Mark/.nvm/versions/node/v7.6.0/bin/npm',
1 verbose cli   'start' ]
2 info using npm@4.1.2
3 info using node@v7.6.0
4 verbose run-script [ 'prestart', 'start', 'poststart' ]
5 info lifecycle Bounties-Network@0.0.1~prestart: Bounties-Network@0.0.1
6 silly lifecycle Bounties-Network@0.0.1~prestart: no script for prestart, continuing
7 info lifecycle Bounties-Network@0.0.1~start: Bounties-Network@0.0.1
8 verbose lifecycle Bounties-Network@0.0.1~start: unsafe-perm in lifecycle true
9 verbose lifecycle Bounties-Network@0.0.1~start: PATH: /Users/Mark/.nvm/versions/node/v7.6.0/lib/node_modules/npm/bin/node-gyp-bin:/Users/Mark/Desktop/BountiesFactory/node_modules/.bin:/Users/Mark/.nvm/versions/node/v7.6.0/bin:/Users/Mark/.nix-profile/bin:/Users/Mark/.nix-profile/sbin:/opt/local/bin:/opt/local/sbin:“/Library/Frameworks/Python.framework/Versions/3.4/bin:/Users/Mark/Downloads/go-ethereum-1.3.5/build/bin:/Applications/XAMPP/xamppfiles/bin/php-5.5.24:/usr/local/bin:/usr/bin:/bin:/usr/sbin:/sbin:/opt/X11/bin:/Applications/XAMPP/xamppfiles/bin/php:/Library/TeX/texbin”
10 verbose lifecycle Bounties-Network@0.0.1~start: CWD: /Users/Mark/Desktop/BountiesFactory
11 silly lifecycle Bounties-Network@0.0.1~start: Args: [ '-c', 'node ./scripts/start.js' ]
12 silly lifecycle Bounties-Network@0.0.1~start: Returned: code: 1  signal: null
13 info lifecycle Bounties-Network@0.0.1~start: Failed to exec start script
14 verbose stack Error: Bounties-Network@0.0.1 start: `node ./scripts/start.js`
14 verbose stack Exit status 1
14 verbose stack     at EventEmitter.<anonymous> (/Users/Mark/.nvm/versions/node/v7.6.0/lib/node_modules/npm/lib/utils/lifecycle.js:279:16)
14 verbose stack     at emitTwo (events.js:106:13)
14 verbose stack     at EventEmitter.emit (events.js:192:7)
14 verbose stack     at ChildProcess.<anonymous> (/Users/Mark/.nvm/versions/node/v7.6.0/lib/node_modules/npm/lib/utils/spawn.js:40:14)
14 verbose stack     at emitTwo (events.js:106:13)
14 verbose stack     at ChildProcess.emit (events.js:192:7)
14 verbose stack     at maybeClose (internal/child_process.js:890:16)
14 verbose stack     at Process.ChildProcess._handle.onexit (internal/child_process.js:226:5)
15 verbose pkgid Bounties-Network@0.0.1
16 verbose cwd /Users/Mark/Desktop/BountiesFactory
17 error Darwin 16.7.0
18 error argv "/Users/Mark/.nvm/versions/node/v7.6.0/bin/node" "/Users/Mark/.nvm/versions/node/v7.6.0/bin/npm" "start"
19 error node v7.6.0
20 error npm  v4.1.2
21 error code ELIFECYCLE
22 error Bounties-Network@0.0.1 start: `node ./scripts/start.js`
22 error Exit status 1
23 error Failed at the Bounties-Network@0.0.1 start script 'node ./scripts/start.js'.
23 error Make sure you have the latest version of node.js and npm installed.
23 error If you do, this is most likely a problem with the Bounties-Network package,
23 error not with npm itself.
23 error Tell the author that this fails on your system:
23 error     node ./scripts/start.js
23 error You can get information on how to open an issue for this project with:
23 error     npm bugs Bounties-Network
23 error Or if that isn't available, you can get their info via:
23 error     npm owner ls Bounties-Network
23 error There is likely additional logging output above.
24 verbose exit [ 1, true ]
